20:30:43 INFO  - App version: 0.0.3
20:30:46 INFO  - Start test testLogin
20:30:46 INFO  - Start find --->By.xpath: //*[@resource-id='com.example.svetlana.scheduler:id/log_email_input']
20:30:49 INFO  - By.xpath: //*[@resource-id='com.example.svetlana.scheduler:id/log_email_input']<--- Found
20:30:49 INFO  - Start find --->By.xpath: //*[@resource-id='com.example.svetlana.scheduler:id/log_email_input']
20:30:51 INFO  - By.xpath: //*[@resource-id='com.example.svetlana.scheduler:id/log_email_input']<--- Found
20:30:51 INFO  - Start find --->By.xpath: //*[@resource-id='com.example.svetlana.scheduler:id/log_email_input']
20:30:51 INFO  - By.xpath: //*[@resource-id='com.example.svetlana.scheduler:id/log_email_input']<--- Found
20:30:52 INFO  - Start find --->By.xpath: //*[@resource-id='com.example.svetlana.scheduler:id/log_password_input']
20:30:53 INFO  - By.xpath: //*[@resource-id='com.example.svetlana.scheduler:id/log_password_input']<--- Found
20:30:53 INFO  - Start find --->By.xpath: //*[@resource-id='com.example.svetlana.scheduler:id/log_password_input']
20:30:54 INFO  - By.xpath: //*[@resource-id='com.example.svetlana.scheduler:id/log_password_input']<--- Found
20:30:54 INFO  - Start find --->By.xpath: //*[@resource-id='com.example.svetlana.scheduler:id/log_password_input']
20:30:55 INFO  - By.xpath: //*[@resource-id='com.example.svetlana.scheduler:id/log_password_input']<--- Found
20:30:57 INFO  - Start find --->By.xpath: //*[@resource-id='com.example.svetlana.scheduler:id/login_btn']
20:30:57 INFO  - By.xpath: //*[@resource-id='com.example.svetlana.scheduler:id/login_btn']<--- Found
20:30:58 INFO  - Start find --->By.xpath: //*[@resource-id='com.example.svetlana.scheduler:id/wizard_settings_skip_container']
20:31:10 INFO  - By.xpath: //*[@resource-id='com.example.svetlana.scheduler:id/wizard_settings_skip_container']<--- Found
20:31:10 INFO  - Start find --->By.xpath: //*[@resource-id='com.example.svetlana.scheduler:id/fab_main']
20:31:21 INFO  - By.xpath: //*[@resource-id='com.example.svetlana.scheduler:id/fab_main']<--- Found
20:31:21 ERROR - org.openqa.selenium.NoSuchElementException: An element could not be located on the page using the given search parameters.
For documentation on this error, please visit: https://www.seleniumhq.org/exceptions/no_such_element.html
Build info: version: '3.141.59', revision: 'e82be7d358', time: '2018-11-14T08:17:03'
System info: host: 'MBP-Taya.lan', ip: 'fe80:0:0:0:1429:6897:bdd0:8539%en0', os.name: 'Mac OS X', os.arch: 'x86_64', os.version: '10.16', java.version: '1.8.0_151'
Driver info: io.appium.java_client.android.AndroidDriver
Capabilities {app: /Users/tayahatum/QAAppium/a..., appActivity: .presentation.splashScreen...., appPackage: com.example.svetlana.scheduler, automationName: Appium, databaseEnabled: false, desired: {app: /Users/tayahatum/QAAppium/a..., appActivity: .presentation.splashScreen...., appPackage: com.example.svetlana.scheduler, automationName: Appium, deviceName: qa_26, platformName: android, platformVersion: 8.0}, deviceApiLevel: 26, deviceManufacturer: Google, deviceModel: Android SDK built for x86, deviceName: emulator-5554, deviceScreenDensity: 480, deviceScreenSize: 1080x1920, deviceUDID: emulator-5554, javascriptEnabled: true, locationContextEnabled: false, networkConnectionEnabled: true, pixelRatio: 3, platform: LINUX, platformName: Android, platformVersion: 8.0.0, statBarHeight: 72, takesScreenshot: true, viewportRect: {height: 1704, left: 0, top: 72, width: 1080}, warnings: {}, webStorageEnabled: false}
Session ID: c81347e0-3868-4cf4-8940-1131f7cc15da
*** Element info: {Using=xpath, value=//*[@resource-id='com.example.svetlana.scheduler:id/fab_main']}
20:31:23 ERROR - src/test/screenshots/screen-1613586681290.png
20:31:24 INFO  - Start find --->By.xpath: //*[@resource-id='com.example.svetlana.scheduler:id/fab_main']
20:31:34 INFO  - By.xpath: //*[@resource-id='com.example.svetlana.scheduler:id/fab_main']<--- Found
20:31:34 ERROR - org.openqa.selenium.NoSuchElementException: An element could not be located on the page using the given search parameters.
For documentation on this error, please visit: https://www.seleniumhq.org/exceptions/no_such_element.html
Build info: version: '3.141.59', revision: 'e82be7d358', time: '2018-11-14T08:17:03'
System info: host: 'MBP-Taya.lan', ip: 'fe80:0:0:0:1429:6897:bdd0:8539%en0', os.name: 'Mac OS X', os.arch: 'x86_64', os.version: '10.16', java.version: '1.8.0_151'
Driver info: io.appium.java_client.android.AndroidDriver
Capabilities {app: /Users/tayahatum/QAAppium/a..., appActivity: .presentation.splashScreen...., appPackage: com.example.svetlana.scheduler, automationName: Appium, databaseEnabled: false, desired: {app: /Users/tayahatum/QAAppium/a..., appActivity: .presentation.splashScreen...., appPackage: com.example.svetlana.scheduler, automationName: Appium, deviceName: qa_26, platformName: android, platformVersion: 8.0}, deviceApiLevel: 26, deviceManufacturer: Google, deviceModel: Android SDK built for x86, deviceName: emulator-5554, deviceScreenDensity: 480, deviceScreenSize: 1080x1920, deviceUDID: emulator-5554, javascriptEnabled: true, locationContextEnabled: false, networkConnectionEnabled: true, pixelRatio: 3, platform: LINUX, platformName: Android, platformVersion: 8.0.0, statBarHeight: 72, takesScreenshot: true, viewportRect: {height: 1704, left: 0, top: 72, width: 1080}, warnings: {}, webStorageEnabled: false}
Session ID: c81347e0-3868-4cf4-8940-1131f7cc15da
*** Element info: {Using=xpath, value=//*[@resource-id='com.example.svetlana.scheduler:id/fab_main']}
20:31:36 ERROR - src/test/screenshots/screen-1613586694452.png
20:31:36 INFO  - Stop test testLogin
************************************************
